<?xml version="1.0" encoding="UTF-8"?>
<!-- Generated by org.testng.reporters.JUnitXMLReporter -->
<testsuite ignored="2" hostname="INBook_X1" failures="13" tests="50" name="Test" time="499.422" errors="0" timestamp="2025-02-08T14:10:22 IST">
  <testcase classname="tests.Register" name="verifyRegisterAccountUsingMendetoryFields" time="4.094"/>
  <testcase classname="tests.Register" name="verifyThankYouConfirmationEmailOnSuccessfullRegistiration" time="8.104"/>
  <testcase classname="tests.Register" name="verifyRegisteringAccountUsingAllFields" time="3.938"/>
  <testcase classname="tests.Register" name="verifyWarningMessageOfMandatoryFieldsInRegisterAccountPage" time="0.823"/>
  <testcase classname="tests.Register" name="verifyRegisteringAccountBySubscribingToNewsletter" time="4.039"/>
  <testcase classname="tests.Register" name="verifyRegisteringAccountByNotSubscribingToNewsletter" time="4.321"/>
  <testcase classname="tests.Register" name="verifyDifferentWaysOfNavigatingToRegisterAccountPage" time="2.722"/>
  <testcase classname="tests.Register" name="verifyRegisteringAccountByProvidingMismatchedPasswords" time="2.352"/>
  <testcase classname="tests.Register" name="verifyRegisterAccountWithExistingEmailAddress" time="2.415"/>
  <testcase classname="tests.Register" name="verifyRegisteringAccountUsingInvalidEmail" time="1.87">
    <failure type="java.lang.AssertionError" message="expected [Please include an &amp;apos;@&amp;apos; in the email address. &amp;apos;amotoori&amp;apos; is missing an &amp;apos;@&amp;apos;.] but found [Please include an &amp;apos;@&amp;apos; in the email address. &amp;apos;shadansarfaraz&amp;apos; is missing an &amp;apos;@&amp;apos;.]">
      <![CDATA[java.lang.AssertionError: expected [Please include an '@' in the email address. 'amotoori' is missing an '@'.] but found [Please include an '@' in the email address. 'shadansarfaraz' is missing an '@'.]
at tests.Register.verifyRegisteringAccountUsingInvalidEmail(Register.java:317)
at java.base/java.util.ArrayList.forEach(ArrayList.java:1596)
... Removed 31 stack frames]]>
    </failure>
  </testcase> <!-- verifyRegisteringAccountUsingInvalidEmail -->
  <testcase classname="tests.Register" name="verifyRegisteringAccountUsingInvalidTelephoneNumber" time="5.71">
    <failure type="java.lang.AssertionError" message="expected [true] but found [false]">
      <![CDATA[java.lang.AssertionError: expected [true] but found [false]
at tests.Register.verifyRegisteringAccountUsingInvalidTelephoneNumber(Register.java:377)
at java.base/java.util.ArrayList.forEach(ArrayList.java:1596)
... Removed 29 stack frames]]>
    </failure>
  </testcase> <!-- verifyRegisteringAccountUsingInvalidTelephoneNumber -->
  <testcase classname="tests.Register" name="verifyRegisteringAccountUsingKeyboardKeys" time="2.3"/>
  <testcase classname="tests.Register" name="verifyRegisterAccountPagePlaceholders" time="0.147"/>
  <testcase classname="tests.Register" name="verifyMandatoryFieldsInRegisterAccountPage" time="0.26">
    <failure type="java.lang.AssertionError" message="expected [&amp;quot;* &amp;quot;] but found [none]">
      <![CDATA[java.lang.AssertionError: expected ["* "] but found [none]
at tests.Register.verifyMandatoryFieldsInRegisterAccountPage(Register.java:479)
at java.base/java.util.ArrayList.forEach(ArrayList.java:1596)
... Removed 31 stack frames]]>
    </failure>
  </testcase> <!-- verifyMandatoryFieldsInRegisterAccountPage -->
  <testcase classname="tests.Register" name="verifyRegisteringAccountByEnteringOnlySpaces" time="5.58">
    <failure type="org.openqa.selenium.NoSuchElementException" message="no such element: Unable to locate element: {&amp;quot;method&amp;quot;:&amp;quot;xpath&amp;quot;,&amp;quot;selector&amp;quot;:&amp;quot;//input[@id=&amp;apos;input-telephone&amp;apos;]/following-sibling::div&amp;quot;}
  (Session info: chrome=132.0.6834.160)
For documentation on this error, please visit: https://www.selenium.dev/documentation/webdriver/troubleshooting/errors#no-such-element-exception
Build info: version: &amp;apos;4.27.0&amp;apos;, revision: &amp;apos;d6e718d134&amp;apos;
System info: os.name: &amp;apos;Windows 11&amp;apos;, os.arch: &amp;apos;amd64&amp;apos;, os.version: &amp;apos;10.0&amp;apos;, java.version: &amp;apos;21.0.2&amp;apos;
Driver info: org.openqa.selenium.chrome.ChromeDriver
Command: [60cb5a9d06c24458eb7d4fe8063f7232, findElement {using=xpath, value=//input[@id=&amp;apos;input-telephone&amp;apos;]/following-sibling::div}]
Capabilities {acceptInsecureCerts: false, browserName: chrome, browserVersion: 132.0.6834.160, chrome: {chromedriverVersion: 132.0.6834.159 (2d77d3fc445..., userDataDir: C:\Users\SHADAN~1\AppData\L...}, fedcm:accounts: true, goog:chromeOptions: {debuggerAddress: localhost:56066}, networkConnectionEnabled: false, pageLoadStrategy: normal, platformName: windows, proxy: Proxy(), se:cdp: ws://localhost:56066/devtoo..., se:cdpVersion: 132.0.6834.160, setWindowRect: true, strictFileInteractability: false, timeouts: {implicit: 0, pageLoad: 300000, script: 30000}, unhandledPromptBehavior: dismiss and notify, webauthn:extension:credBlob: true, webauthn:extension:largeBlob: true, webauthn:extension:minPinLength: true, webauthn:extension:prf: true, webauthn:virtualAuthenticators: true}
Session ID: 60cb5a9d06c24458eb7d4fe8063f7232">
      <![CDATA[org.openqa.selenium.NoSuchElementException: no such element: Unable to locate element: {"method":"xpath","selector":"//input[@id='input-telephone']/following-sibling::div"}
  (Session info: chrome=132.0.6834.160)
For documentation on this error, please visit: https://www.selenium.dev/documentation/webdriver/troubleshooting/errors#no-such-element-exception
Build info: version: '4.27.0', revision: 'd6e718d134'
System info: os.name: 'Windows 11', os.arch: 'amd64', os.version: '10.0', java.version: '21.0.2'
Driver info: org.openqa.selenium.chrome.ChromeDriver
Command: [60cb5a9d06c24458eb7d4fe8063f7232, findElement {using=xpath, value=//input[@id='input-telephone']/following-sibling::div}]
Capabilities {acceptInsecureCerts: false, browserName: chrome, browserVersion: 132.0.6834.160, chrome: {chromedriverVersion: 132.0.6834.159 (2d77d3fc445..., userDataDir: C:\Users\SHADAN~1\AppData\L...}, fedcm:accounts: true, goog:chromeOptions: {debuggerAddress: localhost:56066}, networkConnectionEnabled: false, pageLoadStrategy: normal, platformName: windows, proxy: Proxy(), se:cdp: ws://localhost:56066/devtoo..., se:cdpVersion: 132.0.6834.160, setWindowRect: true, strictFileInteractability: false, timeouts: {implicit: 0, pageLoad: 300000, script: 30000}, unhandledPromptBehavior: dismiss and notify, webauthn:extension:credBlob: true, webauthn:extension:largeBlob: true, webauthn:extension:minPinLength: true, webauthn:extension:prf: true, webauthn:virtualAuthenticators: true}
Session ID: 60cb5a9d06c24458eb7d4fe8063f7232
at org.openqa.selenium.remote.ErrorCodec.decode(ErrorCodec.java:167)
at org.openqa.selenium.remote.codec.w3c.W3CHttpResponseCodec.decode(W3CHttpResponseCodec.java:138)
at org.openqa.selenium.remote.codec.w3c.W3CHttpResponseCodec.decode(W3CHttpResponseCodec.java:50)
at org.openqa.selenium.remote.HttpCommandExecutor.execute(HttpCommandExecutor.java:190)
at org.openqa.selenium.remote.service.DriverCommandExecutor.invokeExecute(DriverCommandExecutor.java:216)
at org.openqa.selenium.remote.service.DriverCommandExecutor.execute(DriverCommandExecutor.java:174)
at org.openqa.selenium.remote.RemoteWebDriver.execute(RemoteWebDriver.java:545)
at org.openqa.selenium.remote.ElementLocation$ElementFinder$2.findElement(ElementLocation.java:165)
at org.openqa.selenium.remote.ElementLocation.findElement(ElementLocation.java:59)
at org.openqa.selenium.remote.RemoteWebDriver.findElement(RemoteWebDriver.java:368)
at org.openqa.selenium.remote.RemoteWebDriver.findElement(RemoteWebDriver.java:362)
at org.openqa.selenium.support.pagefactory.DefaultElementLocator.findElement(DefaultElementLocator.java:68)
at org.openqa.selenium.support.pagefactory.internal.LocatingElementHandler.invoke(LocatingElementHandler.java:38)
at jdk.proxy2/jdk.proxy2.$Proxy14.isDisplayed(Unknown Source)
at utils.ElementUtilities.isElementDisplayedOnPage(ElementUtilities.java:41)
at utils.ElementUtilities.getElementText(ElementUtilities.java:23)
at pages.RegisterPage.getTelephoneWarning(RegisterPage.java:255)
at tests.Register.verifyRegisteringAccountByEnteringOnlySpaces(Register.java:585)
at java.base/java.util.ArrayList.forEach(ArrayList.java:1596)
... Removed 28 stack frames]]>
    </failure>
  </testcase> <!-- verifyRegisteringAccountByEnteringOnlySpaces -->
  <testcase classname="tests.Register" name="verifyRegisteringAccountUsingPasswordsWhichAreNotFollowingPasswordComplexityStandards" time="5.858">
    <failure type="java.lang.AssertionError" message="expected [true] but found [false]">
      <![CDATA[java.lang.AssertionError: expected [true] but found [false]
at tests.Register.verifyRegisteringAccountUsingPasswordsWhichAreNotFollowingPasswordComplexityStandards(Register.java:618)
at java.base/java.util.ArrayList.forEach(ArrayList.java:1596)
... Removed 29 stack frames]]>
    </failure>
  </testcase> <!-- verifyRegisteringAccountUsingPasswordsWhichAreNotFollowingPasswordComplexityStandards -->
  <testcase classname="tests.Register" name="verifyRegisteringAccountUsingPasswordsWhichAreNotFollowingPasswordComplexityStandards" time="5.638">
    <failure type="java.lang.AssertionError" message="expected [true] but found [false]">
      <![CDATA[java.lang.AssertionError: expected [true] but found [false]
at tests.Register.verifyRegisteringAccountUsingPasswordsWhichAreNotFollowingPasswordComplexityStandards(Register.java:618)
at java.base/java.util.ArrayList.forEach(ArrayList.java:1596)
... Removed 29 stack frames]]>
    </failure>
  </testcase> <!-- verifyRegisteringAccountUsingPasswordsWhichAreNotFollowingPasswordComplexityStandards -->
  <testcase classname="tests.Register" name="verifyRegisteringAccountUsingPasswordsWhichAreNotFollowingPasswordComplexityStandards" time="5.559">
    <failure type="java.lang.AssertionError" message="expected [true] but found [false]">
      <![CDATA[java.lang.AssertionError: expected [true] but found [false]
at tests.Register.verifyRegisteringAccountUsingPasswordsWhichAreNotFollowingPasswordComplexityStandards(Register.java:618)
at java.base/java.util.ArrayList.forEach(ArrayList.java:1596)
... Removed 29 stack frames]]>
    </failure>
  </testcase> <!-- verifyRegisteringAccountUsingPasswordsWhichAreNotFollowingPasswordComplexityStandards -->
  <testcase classname="tests.Register" name="verifyRegisteringAccountUsingPasswordsWhichAreNotFollowingPasswordComplexityStandards" time="5.729">
    <failure type="java.lang.AssertionError" message="expected [true] but found [false]">
      <![CDATA[java.lang.AssertionError: expected [true] but found [false]
at tests.Register.verifyRegisteringAccountUsingPasswordsWhichAreNotFollowingPasswordComplexityStandards(Register.java:618)
at java.base/java.util.ArrayList.forEach(ArrayList.java:1596)
... Removed 29 stack frames]]>
    </failure>
  </testcase> <!-- verifyRegisteringAccountUsingPasswordsWhichAreNotFollowingPasswordComplexityStandards -->
  <testcase classname="tests.Register" name="verifyRegisteringAccountUsingPasswordsWhichAreNotFollowingPasswordComplexityStandards" time="5.828">
    <failure type="java.lang.AssertionError" message="expected [true] but found [false]">
      <![CDATA[java.lang.AssertionError: expected [true] but found [false]
at tests.Register.verifyRegisteringAccountUsingPasswordsWhichAreNotFollowingPasswordComplexityStandards(Register.java:618)
at java.base/java.util.ArrayList.forEach(ArrayList.java:1596)
... Removed 29 stack frames]]>
    </failure>
  </testcase> <!-- verifyRegisteringAccountUsingPasswordsWhichAreNotFollowingPasswordComplexityStandards -->
  <testcase classname="tests.Register" name="verifyHeightWidthNumberOfCharacters" time="66.31">
    <failure type="java.lang.AssertionError" message="expected [true] but found [false]">
      <![CDATA[java.lang.AssertionError: expected [true] but found [false]
at tests.Register.verifyHeightWidthNumberOfCharacters(Register.java:800)
at java.base/java.util.ArrayList.forEach(ArrayList.java:1596)
... Removed 29 stack frames]]>
    </failure>
  </testcase> <!-- verifyHeightWidthNumberOfCharacters -->
  <testcase classname="tests.Register" name="verifyRegisterAccountUsingLeadingAndTrailingSpaces" time="4.012">
    <failure type="java.lang.AssertionError" message="The following asserts failed:
	expected [Shadan] but found [     Shadan     ],
	expected [Sarfaraz] but found [     Sarfaraz     ],
	expected [1234567890] but found [     1234567890     ]">
      <![CDATA[java.lang.AssertionError: The following asserts failed:
expected [Shadan] but found [     Shadan     ],
expected [Sarfaraz] but found [     Sarfaraz     ],
expected [1234567890] but found [     1234567890     ]
at tests.Register.verifyRegisterAccountUsingLeadingAndTrailingSpaces(Register.java:854)
at java.base/java.util.ArrayList.forEach(ArrayList.java:1596)
... Removed 27 stack frames]]>
    </failure>
  </testcase> <!-- verifyRegisterAccountUsingLeadingAndTrailingSpaces -->
  <testcase classname="tests.Register" name="verifyRegisterAccountPrivacyPolicyField" time="0.057"/>
  <testcase classname="tests.Register" name="verifyRegisteringAccountWithoutSelectingPrivacyPolicyCheckboxField" time="2.444"/>
  <testcase classname="tests.Register" name="verifyRegisteringAccountPasswordFieldsForSecurity" time="0.078"/>
  <testcase classname="tests.Register" name="verifyRegisterAccountPageNavigations" time="23.944"/>
  <testcase classname="tests.Register" name="verifyRegisteringAccountWithoutEnteringConfirmationPassword" time="2.215"/>
  <testcase classname="tests.Register" name="verifyRegisterAccountPageBreadcrumbURLTitleHeading" time="0.11"/>
  <testcase classname="tests.Register" name="verifyRegisterAccountUI" time="0.899">
    <failure type="java.lang.AssertionError" message="expected [false] but found [true]">
      <![CDATA[java.lang.AssertionError: expected [false] but found [true]
at tests.Register.verifyRegisterAccountUI(Register.java:1090)
at java.base/java.util.ArrayList.forEach(ArrayList.java:1596)
... Removed 29 stack frames]]>
    </failure>
  </testcase> <!-- verifyRegisterAccountUI -->
  <testcase classname="tests.Register" name="verifyRegisteringAccountInAllEnvironmnet" time="2.821"/>
  <testcase classname="tests.Login" name="verifyLoginIntoApplicationUsingValidCredentials" time="1.63"/>
  <testcase classname="tests.Login" name="verifyLoginIntoApplicationUsingInValidCredentials" time="1.504"/>
  <testcase classname="tests.Login" name="verifyLoginIntoApplicationUsingInValidEmailAndValidPassword" time="1.353"/>
  <testcase classname="tests.Login" name="verifyLoginIntoApplicationUsingValidEmailAndInValidPassword" time="1.275"/>
  <testcase classname="tests.Login" name="verifyLoginIntoApplicationWithoutProvidingAnyCredentials" time="0.763"/>
  <testcase classname="tests.Login" name="verifyForgottonPasswordOptionIsAvailable" time="0.506"/>
  <testcase classname="tests.Login" name="verifyLoginIntoTheApplicationUsingKeyboardKeys" time="1.166"/>
  <testcase classname="tests.Login" name="verifyPlaceHoldersOfFieldsInLoginPage" time="0.059"/>
  <testcase classname="tests.Login" name="verifyBrowsingBackAfterLogin" time="1.964"/>
  <testcase classname="tests.Login" name="verifyBrowsingBackAfterLogout" time="2.717"/>
  <testcase classname="tests.Login" name="verifyLoginIntoAccountUsingInactiveCredentials" time="1.437"/>
  <testcase classname="tests.Login" name="verifyNumberOfUnsuccessfulLoginAttempt" time="6.906"/>
  <testcase classname="tests.Login" name="verifyloginPasswordFieldForVisibility" time="0.065"/>
  <testcase classname="tests.Login" name="verifyPasswordIsNotVisisbleInPageSource" time="0.987">
    <failure type="java.lang.AssertionError" message="expected [false] but found [true]">
      <![CDATA[java.lang.AssertionError: expected [false] but found [true]
at tests.Login.verifyPasswordIsNotVisisbleInPageSource(Login.java:156)
at java.base/java.util.ArrayList.forEach(ArrayList.java:1596)
... Removed 29 stack frames]]>
    </failure>
  </testcase> <!-- verifyPasswordIsNotVisisbleInPageSource -->
  <testcase classname="tests.Login" name="verifyLoggingIntoApplicationUsingChangedPassword" time="7.935"/>
  <testcase classname="tests.Login" name="verifyLoginPageNavigation" time="25.226"/>
  <testcase classname="tests.Login" name="verifyDifferentWaysOfnavigatingToLoginpage" time="1.811"/>
  <testcase classname="tests.Login" name="verifyLoginPageBreadcrumbURLTitleHeading" time="0.191"/>
  <testcase classname="tests.Login" name="verifyLoginPageUI" time="0.272"/>
  <testcase classname="tests.Login" name="verifyLoginInAllEnvironments" time="1.635"/>
  <testcase classname="tests.Register" name="verifyDataBaseTestingForRegisterAccount" time="0.0">
    <ignored/>
  </testcase> <!-- verifyDataBaseTestingForRegisterAccount -->
  <testcase classname="tests.Login" name="verifyCopyingOfTextIntoPasswordField" time="0.0">
    <ignored/>
  </testcase> <!-- verifyCopyingOfTextIntoPasswordField -->
</testsuite> <!-- Test -->
